[2025-09-13 22:03:52 UTC-04:00] [3368] ...ngine_tweaks\mods\EasyTrainerBeta\UI\Options\Numeric.lua:23: attempt to index local 'ref' (a nil value)
stack traceback:
	...ngine_tweaks\mods\EasyTrainerBeta\UI\Options\Numeric.lua:23: in function 'Option'
	...ngine_tweaks\mods\EasyTrainerBeta\UI\Options\Buttons.lua:60: in function 'Int'
	...ks\mods\EasyTrainerBeta\View\Vehicle\VehicleListView.lua:192: in function 'view'
	...ber_engine_tweaks\mods\EasyTrainerBeta\View\MainMenu.lua:117: in function 'Render'
	init.lua:170: in function <init.lua:156>
[2025-09-13 22:03:52 UTC-04:00] [3368] ...ngine_tweaks\mods\EasyTrainerBeta\UI\Options\Numeric.lua:23: attempt to index local 'ref' (a nil value)
stack traceback:
	...ngine_tweaks\mods\EasyTrainerBeta\UI\Options\Numeric.lua:23: in function 'Option'
	...ngine_tweaks\mods\EasyTrainerBeta\UI\Options\Buttons.lua:60: in function 'Int'
	...ks\mods\EasyTrainerBeta\View\Vehicle\VehicleListView.lua:192: in function 'view'
	...ber_engine_tweaks\mods\EasyTrainerBeta\View\MainMenu.lua:117: in function 'Render'
	init.lua:170: in function <init.lua:156>
[2025-09-13 22:03:52 UTC-04:00] [3368] ...ngine_tweaks\mods\EasyTrainerBeta\UI\Options\Numeric.lua:23: attempt to index local 'ref' (a nil value)
stack traceback:
	...ngine_tweaks\mods\EasyTrainerBeta\UI\Options\Numeric.lua:23: in function 'Option'
	...ngine_tweaks\mods\EasyTrainerBeta\UI\Options\Buttons.lua:60: in function 'Int'
	...ks\mods\EasyTrainerBeta\View\Vehicle\VehicleListView.lua:192: in function 'view'
	...ber_engine_tweaks\mods\EasyTrainerBeta\View\MainMenu.lua:117: in function 'Render'
	init.lua:170: in function <init.lua:156>
[2025-09-13 22:03:52 UTC-04:00] [3368] ...ngine_tweaks\mods\EasyTrainerBeta\UI\Options\Numeric.lua:23: attempt to index local 'ref' (a nil value)
stack traceback:
	...ngine_tweaks\mods\EasyTrainerBeta\UI\Options\Numeric.lua:23: in function 'Option'
	...ngine_tweaks\mods\EasyTrainerBeta\UI\Options\Buttons.lua:60: in function 'Int'
	...ks\mods\EasyTrainerBeta\View\Vehicle\VehicleListView.lua:192: in function 'view'
	...ber_engine_tweaks\mods\EasyTrainerBeta\View\MainMenu.lua:117: in function 'Render'
	init.lua:170: in function <init.lua:156>
[2025-09-13 22:03:52 UTC-04:00] [3368] ...ngine_tweaks\mods\EasyTrainerBeta\UI\Options\Numeric.lua:23: attempt to index local 'ref' (a nil value)
stack traceback:
	...ngine_tweaks\mods\EasyTrainerBeta\UI\Options\Numeric.lua:23: in function 'Option'
	...ngine_tweaks\mods\EasyTrainerBeta\UI\Options\Buttons.lua:60: in function 'Int'
	...ks\mods\EasyTrainerBeta\View\Vehicle\VehicleListView.lua:192: in function 'view'
	...ber_engine_tweaks\mods\EasyTrainerBeta\View\MainMenu.lua:117: in function 'Render'
	init.lua:170: in function <init.lua:156>
[2025-09-13 22:03:52 UTC-04:00] [3368] ...ngine_tweaks\mods\EasyTrainerBeta\UI\Options\Numeric.lua:23: attempt to index local 'ref' (a nil value)
stack traceback:
	...ngine_tweaks\mods\EasyTrainerBeta\UI\Options\Numeric.lua:23: in function 'Option'
	...ngine_tweaks\mods\EasyTrainerBeta\UI\Options\Buttons.lua:60: in function 'Int'
	...ks\mods\EasyTrainerBeta\View\Vehicle\VehicleListView.lua:192: in function 'view'
	...ber_engine_tweaks\mods\EasyTrainerBeta\View\MainMenu.lua:117: in function 'Render'
	init.lua:170: in function <init.lua:156>
[2025-09-13 22:03:52 UTC-04:00] [3368] ...ngine_tweaks\mods\EasyTrainerBeta\UI\Options\Numeric.lua:23: attempt to index local 'ref' (a nil value)
stack traceback:
	...ngine_tweaks\mods\EasyTrainerBeta\UI\Options\Numeric.lua:23: in function 'Option'
	...ngine_tweaks\mods\EasyTrainerBeta\UI\Options\Buttons.lua:60: in function 'Int'
	...ks\mods\EasyTrainerBeta\View\Vehicle\VehicleListView.lua:192: in function 'view'
	...ber_engine_tweaks\mods\EasyTrainerBeta\View\MainMenu.lua:117: in function 'Render'
	init.lua:170: in function <init.lua:156>
[2025-09-13 22:03:52 UTC-04:00] [3368] ...ngine_tweaks\mods\EasyTrainerBeta\UI\Options\Numeric.lua:23: attempt to index local 'ref' (a nil value)
stack traceback:
	...ngine_tweaks\mods\EasyTrainerBeta\UI\Options\Numeric.lua:23: in function 'Option'
	...ngine_tweaks\mods\EasyTrainerBeta\UI\Options\Buttons.lua:60: in function 'Int'
	...ks\mods\EasyTrainerBeta\View\Vehicle\VehicleListView.lua:192: in function 'view'
	...ber_engine_tweaks\mods\EasyTrainerBeta\View\MainMenu.lua:117: in function 'Render'
	init.lua:170: in function <init.lua:156>
[2025-09-13 22:03:52 UTC-04:00] [3368] ...ngine_tweaks\mods\EasyTrainerBeta\UI\Options\Numeric.lua:23: attempt to index local 'ref' (a nil value)
stack traceback:
	...ngine_tweaks\mods\EasyTrainerBeta\UI\Options\Numeric.lua:23: in function 'Option'
	...ngine_tweaks\mods\EasyTrainerBeta\UI\Options\Buttons.lua:60: in function 'Int'
	...ks\mods\EasyTrainerBeta\View\Vehicle\VehicleListView.lua:192: in function 'view'
	...ber_engine_tweaks\mods\EasyTrainerBeta\View\MainMenu.lua:117: in function 'Render'
	init.lua:170: in function <init.lua:156>
[2025-09-13 22:03:52 UTC-04:00] [3368] ...ngine_tweaks\mods\EasyTrainerBeta\UI\Options\Numeric.lua:23: attempt to index local 'ref' (a nil value)
stack traceback:
	...ngine_tweaks\mods\EasyTrainerBeta\UI\Options\Numeric.lua:23: in function 'Option'
	...ngine_tweaks\mods\EasyTrainerBeta\UI\Options\Buttons.lua:60: in function 'Int'
	...ks\mods\EasyTrainerBeta\View\Vehicle\VehicleListView.lua:192: in function 'view'
	...ber_engine_tweaks\mods\EasyTrainerBeta\View\MainMenu.lua:117: in function 'Render'
	init.lua:170: in function <init.lua:156>
[2025-09-13 22:03:52 UTC-04:00] [3368] ...ngine_tweaks\mods\EasyTrainerBeta\UI\Options\Numeric.lua:23: attempt to index local 'ref' (a nil value)
stack traceback:
	...ngine_tweaks\mods\EasyTrainerBeta\UI\Options\Numeric.lua:23: in function 'Option'
	...ngine_tweaks\mods\EasyTrainerBeta\UI\Options\Buttons.lua:60: in function 'Int'
	...ks\mods\EasyTrainerBeta\View\Vehicle\VehicleListView.lua:192: in function 'view'
	...ber_engine_tweaks\mods\EasyTrainerBeta\View\MainMenu.lua:117: in function 'Render'
	init.lua:170: in function <init.lua:156>
[2025-09-13 22:03:52 UTC-04:00] [3368] ...ngine_tweaks\mods\EasyTrainerBeta\UI\Options\Numeric.lua:23: attempt to index local 'ref' (a nil value)
stack traceback:
	...ngine_tweaks\mods\EasyTrainerBeta\UI\Options\Numeric.lua:23: in function 'Option'
	...ngine_tweaks\mods\EasyTrainerBeta\UI\Options\Buttons.lua:60: in function 'Int'
	...ks\mods\EasyTrainerBeta\View\Vehicle\VehicleListView.lua:192: in function 'view'
	...ber_engine_tweaks\mods\EasyTrainerBeta\View\MainMenu.lua:117: in function 'Render'
	init.lua:170: in function <init.lua:156>
[2025-09-13 22:03:52 UTC-04:00] [3368] ...ngine_tweaks\mods\EasyTrainerBeta\UI\Options\Numeric.lua:23: attempt to index local 'ref' (a nil value)
stack traceback:
	...ngine_tweaks\mods\EasyTrainerBeta\UI\Options\Numeric.lua:23: in function 'Option'
	...ngine_tweaks\mods\EasyTrainerBeta\UI\Options\Buttons.lua:60: in function 'Int'
	...ks\mods\EasyTrainerBeta\View\Vehicle\VehicleListView.lua:192: in function 'view'
	...ber_engine_tweaks\mods\EasyTrainerBeta\View\MainMenu.lua:117: in function 'Render'
	init.lua:170: in function <init.lua:156>
[2025-09-13 22:03:52 UTC-04:00] [3368] ...ngine_tweaks\mods\EasyTrainerBeta\UI\Options\Numeric.lua:23: attempt to index local 'ref' (a nil value)
stack traceback:
	...ngine_tweaks\mods\EasyTrainerBeta\UI\Options\Numeric.lua:23: in function 'Option'
	...ngine_tweaks\mods\EasyTrainerBeta\UI\Options\Buttons.lua:60: in function 'Int'
	...ks\mods\EasyTrainerBeta\View\Vehicle\VehicleListView.lua:192: in function 'view'
	...ber_engine_tweaks\mods\EasyTrainerBeta\View\MainMenu.lua:117: in function 'Render'
	init.lua:170: in function <init.lua:156>
[2025-09-13 22:03:52 UTC-04:00] [3368] ...ngine_tweaks\mods\EasyTrainerBeta\UI\Options\Numeric.lua:23: attempt to index local 'ref' (a nil value)
stack traceback:
	...ngine_tweaks\mods\EasyTrainerBeta\UI\Options\Numeric.lua:23: in function 'Option'
	...ngine_tweaks\mods\EasyTrainerBeta\UI\Options\Buttons.lua:60: in function 'Int'
	...ks\mods\EasyTrainerBeta\View\Vehicle\VehicleListView.lua:192: in function 'view'
	...ber_engine_tweaks\mods\EasyTrainerBeta\View\MainMenu.lua:117: in function 'Render'
	init.lua:170: in function <init.lua:156>
[2025-09-13 22:03:52 UTC-04:00] [3368] ...ngine_tweaks\mods\EasyTrainerBeta\UI\Options\Numeric.lua:23: attempt to index local 'ref' (a nil value)
stack traceback:
	...ngine_tweaks\mods\EasyTrainerBeta\UI\Options\Numeric.lua:23: in function 'Option'
	...ngine_tweaks\mods\EasyTrainerBeta\UI\Options\Buttons.lua:60: in function 'Int'
	...ks\mods\EasyTrainerBeta\View\Vehicle\VehicleListView.lua:192: in function 'view'
	...ber_engine_tweaks\mods\EasyTrainerBeta\View\MainMenu.lua:117: in function 'Render'
	init.lua:170: in function <init.lua:156>
[2025-09-13 22:03:52 UTC-04:00] [3368] ...ngine_tweaks\mods\EasyTrainerBeta\UI\Options\Numeric.lua:23: attempt to index local 'ref' (a nil value)
stack traceback:
	...ngine_tweaks\mods\EasyTrainerBeta\UI\Options\Numeric.lua:23: in function 'Option'
	...ngine_tweaks\mods\EasyTrainerBeta\UI\Options\Buttons.lua:60: in function 'Int'
	...ks\mods\EasyTrainerBeta\View\Vehicle\VehicleListView.lua:192: in function 'view'
	...ber_engine_tweaks\mods\EasyTrainerBeta\View\MainMenu.lua:117: in function 'Render'
	init.lua:170: in function <init.lua:156>
[2025-09-13 22:03:52 UTC-04:00] [3368] ...ngine_tweaks\mods\EasyTrainerBeta\UI\Options\Numeric.lua:23: attempt to index local 'ref' (a nil value)
stack traceback:
	...ngine_tweaks\mods\EasyTrainerBeta\UI\Options\Numeric.lua:23: in function 'Option'
	...ngine_tweaks\mods\EasyTrainerBeta\UI\Options\Buttons.lua:60: in function 'Int'
	...ks\mods\EasyTrainerBeta\View\Vehicle\VehicleListView.lua:192: in function 'view'
	...ber_engine_tweaks\mods\EasyTrainerBeta\View\MainMenu.lua:117: in function 'Render'
	init.lua:170: in function <init.lua:156>
[2025-09-13 22:03:52 UTC-04:00] [3368] ...ngine_tweaks\mods\EasyTrainerBeta\UI\Options\Numeric.lua:23: attempt to index local 'ref' (a nil value)
stack traceback:
	...ngine_tweaks\mods\EasyTrainerBeta\UI\Options\Numeric.lua:23: in function 'Option'
	...ngine_tweaks\mods\EasyTrainerBeta\UI\Options\Buttons.lua:60: in function 'Int'
	...ks\mods\EasyTrainerBeta\View\Vehicle\VehicleListView.lua:192: in function 'view'
	...ber_engine_tweaks\mods\EasyTrainerBeta\View\MainMenu.lua:117: in function 'Render'
	init.lua:170: in function <init.lua:156>
[2025-09-13 22:03:52 UTC-04:00] [3368] ...ngine_tweaks\mods\EasyTrainerBeta\UI\Options\Numeric.lua:23: attempt to index local 'ref' (a nil value)
stack traceback:
	...ngine_tweaks\mods\EasyTrainerBeta\UI\Options\Numeric.lua:23: in function 'Option'
	...ngine_tweaks\mods\EasyTrainerBeta\UI\Options\Buttons.lua:60: in function 'Int'
	...ks\mods\EasyTrainerBeta\View\Vehicle\VehicleListView.lua:192: in function 'view'
	...ber_engine_tweaks\mods\EasyTrainerBeta\View\MainMenu.lua:117: in function 'Render'
	init.lua:170: in function <init.lua:156>
[2025-09-13 22:03:52 UTC-04:00] [3368] ...ngine_tweaks\mods\EasyTrainerBeta\UI\Options\Numeric.lua:23: attempt to index local 'ref' (a nil value)
stack traceback:
	...ngine_tweaks\mods\EasyTrainerBeta\UI\Options\Numeric.lua:23: in function 'Option'
	...ngine_tweaks\mods\EasyTrainerBeta\UI\Options\Buttons.lua:60: in function 'Int'
	...ks\mods\EasyTrainerBeta\View\Vehicle\VehicleListView.lua:192: in function 'view'
	...ber_engine_tweaks\mods\EasyTrainerBeta\View\MainMenu.lua:117: in function 'Render'
	init.lua:170: in function <init.lua:156>
[2025-09-13 22:03:52 UTC-04:00] [3368] ...ngine_tweaks\mods\EasyTrainerBeta\UI\Options\Numeric.lua:23: attempt to index local 'ref' (a nil value)
stack traceback:
	...ngine_tweaks\mods\EasyTrainerBeta\UI\Options\Numeric.lua:23: in function 'Option'
	...ngine_tweaks\mods\EasyTrainerBeta\UI\Options\Buttons.lua:60: in function 'Int'
	...ks\mods\EasyTrainerBeta\View\Vehicle\VehicleListView.lua:192: in function 'view'
	...ber_engine_tweaks\mods\EasyTrainerBeta\View\MainMenu.lua:117: in function 'Render'
	init.lua:170: in function <init.lua:156>
[2025-09-13 22:03:52 UTC-04:00] [3368] ...ngine_tweaks\mods\EasyTrainerBeta\UI\Options\Numeric.lua:23: attempt to index local 'ref' (a nil value)
stack traceback:
	...ngine_tweaks\mods\EasyTrainerBeta\UI\Options\Numeric.lua:23: in function 'Option'
	...ngine_tweaks\mods\EasyTrainerBeta\UI\Options\Buttons.lua:60: in function 'Int'
	...ks\mods\EasyTrainerBeta\View\Vehicle\VehicleListView.lua:192: in function 'view'
	...ber_engine_tweaks\mods\EasyTrainerBeta\View\MainMenu.lua:117: in function 'Render'
	init.lua:170: in function <init.lua:156>
[2025-09-13 22:03:52 UTC-04:00] [3368] ...ngine_tweaks\mods\EasyTrainerBeta\UI\Options\Numeric.lua:23: attempt to index local 'ref' (a nil value)
stack traceback:
	...ngine_tweaks\mods\EasyTrainerBeta\UI\Options\Numeric.lua:23: in function 'Option'
	...ngine_tweaks\mods\EasyTrainerBeta\UI\Options\Buttons.lua:60: in function 'Int'
	...ks\mods\EasyTrainerBeta\View\Vehicle\VehicleListView.lua:192: in function 'view'
	...ber_engine_tweaks\mods\EasyTrainerBeta\View\MainMenu.lua:117: in function 'Render'
	init.lua:170: in function <init.lua:156>
[2025-09-13 22:03:52 UTC-04:00] [3368] ...ngine_tweaks\mods\EasyTrainerBeta\UI\Options\Numeric.lua:23: attempt to index local 'ref' (a nil value)
stack traceback:
	...ngine_tweaks\mods\EasyTrainerBeta\UI\Options\Numeric.lua:23: in function 'Option'
	...ngine_tweaks\mods\EasyTrainerBeta\UI\Options\Buttons.lua:60: in function 'Int'
	...ks\mods\EasyTrainerBeta\View\Vehicle\VehicleListView.lua:192: in function 'view'
	...ber_engine_tweaks\mods\EasyTrainerBeta\View\MainMenu.lua:117: in function 'Render'
	init.lua:170: in function <init.lua:156>
[2025-09-13 22:03:52 UTC-04:00] [3368] ...ngine_tweaks\mods\EasyTrainerBeta\UI\Options\Numeric.lua:23: attempt to index local 'ref' (a nil value)
stack traceback:
	...ngine_tweaks\mods\EasyTrainerBeta\UI\Options\Numeric.lua:23: in function 'Option'
	...ngine_tweaks\mods\EasyTrainerBeta\UI\Options\Buttons.lua:60: in function 'Int'
	...ks\mods\EasyTrainerBeta\View\Vehicle\VehicleListView.lua:192: in function 'view'
	...ber_engine_tweaks\mods\EasyTrainerBeta\View\MainMenu.lua:117: in function 'Render'
	init.lua:170: in function <init.lua:156>
[2025-09-13 22:03:52 UTC-04:00] [3368] ...ngine_tweaks\mods\EasyTrainerBeta\UI\Options\Numeric.lua:23: attempt to index local 'ref' (a nil value)
stack traceback:
	...ngine_tweaks\mods\EasyTrainerBeta\UI\Options\Numeric.lua:23: in function 'Option'
	...ngine_tweaks\mods\EasyTrainerBeta\UI\Options\Buttons.lua:60: in function 'Int'
	...ks\mods\EasyTrainerBeta\View\Vehicle\VehicleListView.lua:192: in function 'view'
	...ber_engine_tweaks\mods\EasyTrainerBeta\View\MainMenu.lua:117: in function 'Render'
	init.lua:170: in function <init.lua:156>
[2025-09-13 22:03:52 UTC-04:00] [3368] ...ngine_tweaks\mods\EasyTrainerBeta\UI\Options\Numeric.lua:23: attempt to index local 'ref' (a nil value)
stack traceback:
	...ngine_tweaks\mods\EasyTrainerBeta\UI\Options\Numeric.lua:23: in function 'Option'
	...ngine_tweaks\mods\EasyTrainerBeta\UI\Options\Buttons.lua:60: in function 'Int'
	...ks\mods\EasyTrainerBeta\View\Vehicle\VehicleListView.lua:192: in function 'view'
	...ber_engine_tweaks\mods\EasyTrainerBeta\View\MainMenu.lua:117: in function 'Render'
	init.lua:170: in function <init.lua:156>
[2025-09-13 22:03:52 UTC-04:00] [3368] ...ngine_tweaks\mods\EasyTrainerBeta\UI\Options\Numeric.lua:23: attempt to index local 'ref' (a nil value)
stack traceback:
	...ngine_tweaks\mods\EasyTrainerBeta\UI\Options\Numeric.lua:23: in function 'Option'
	...ngine_tweaks\mods\EasyTrainerBeta\UI\Options\Buttons.lua:60: in function 'Int'
	...ks\mods\EasyTrainerBeta\View\Vehicle\VehicleListView.lua:192: in function 'view'
	...ber_engine_tweaks\mods\EasyTrainerBeta\View\MainMenu.lua:117: in function 'Render'
	init.lua:170: in function <init.lua:156>
[2025-09-13 22:03:52 UTC-04:00] [3368] ...ngine_tweaks\mods\EasyTrainerBeta\UI\Options\Numeric.lua:23: attempt to index local 'ref' (a nil value)
stack traceback:
	...ngine_tweaks\mods\EasyTrainerBeta\UI\Options\Numeric.lua:23: in function 'Option'
	...ngine_tweaks\mods\EasyTrainerBeta\UI\Options\Buttons.lua:60: in function 'Int'
	...ks\mods\EasyTrainerBeta\View\Vehicle\VehicleListView.lua:192: in function 'view'
	...ber_engine_tweaks\mods\EasyTrainerBeta\View\MainMenu.lua:117: in function 'Render'
	init.lua:170: in function <init.lua:156>
[2025-09-13 22:03:52 UTC-04:00] [3368] ...ngine_tweaks\mods\EasyTrainerBeta\UI\Options\Numeric.lua:23: attempt to index local 'ref' (a nil value)
stack traceback:
	...ngine_tweaks\mods\EasyTrainerBeta\UI\Options\Numeric.lua:23: in function 'Option'
	...ngine_tweaks\mods\EasyTrainerBeta\UI\Options\Buttons.lua:60: in function 'Int'
	...ks\mods\EasyTrainerBeta\View\Vehicle\VehicleListView.lua:192: in function 'view'
	...ber_engine_tweaks\mods\EasyTrainerBeta\View\MainMenu.lua:117: in function 'Render'
	init.lua:170: in function <init.lua:156>
[2025-09-13 22:03:52 UTC-04:00] [3368] ...ngine_tweaks\mods\EasyTrainerBeta\UI\Options\Numeric.lua:23: attempt to index local 'ref' (a nil value)
stack traceback:
	...ngine_tweaks\mods\EasyTrainerBeta\UI\Options\Numeric.lua:23: in function 'Option'
	...ngine_tweaks\mods\EasyTrainerBeta\UI\Options\Buttons.lua:60: in function 'Int'
	...ks\mods\EasyTrainerBeta\View\Vehicle\VehicleListView.lua:192: in function 'view'
	...ber_engine_tweaks\mods\EasyTrainerBeta\View\MainMenu.lua:117: in function 'Render'
	init.lua:170: in function <init.lua:156>
[2025-09-13 22:03:52 UTC-04:00] [3368] ...ngine_tweaks\mods\EasyTrainerBeta\UI\Options\Numeric.lua:23: attempt to index local 'ref' (a nil value)
stack traceback:
	...ngine_tweaks\mods\EasyTrainerBeta\UI\Options\Numeric.lua:23: in function 'Option'
	...ngine_tweaks\mods\EasyTrainerBeta\UI\Options\Buttons.lua:60: in function 'Int'
	...ks\mods\EasyTrainerBeta\View\Vehicle\VehicleListView.lua:192: in function 'view'
	...ber_engine_tweaks\mods\EasyTrainerBeta\View\MainMenu.lua:117: in function 'Render'
	init.lua:170: in function <init.lua:156>
[2025-09-13 22:03:52 UTC-04:00] [3368] ...ngine_tweaks\mods\EasyTrainerBeta\UI\Options\Numeric.lua:23: attempt to index local 'ref' (a nil value)
stack traceback:
	...ngine_tweaks\mods\EasyTrainerBeta\UI\Options\Numeric.lua:23: in function 'Option'
	...ngine_tweaks\mods\EasyTrainerBeta\UI\Options\Buttons.lua:60: in function 'Int'
	...ks\mods\EasyTrainerBeta\View\Vehicle\VehicleListView.lua:192: in function 'view'
	...ber_engine_tweaks\mods\EasyTrainerBeta\View\MainMenu.lua:117: in function 'Render'
	init.lua:170: in function <init.lua:156>
[2025-09-13 22:03:52 UTC-04:00] [3368] ...ngine_tweaks\mods\EasyTrainerBeta\UI\Options\Numeric.lua:23: attempt to index local 'ref' (a nil value)
stack traceback:
	...ngine_tweaks\mods\EasyTrainerBeta\UI\Options\Numeric.lua:23: in function 'Option'
	...ngine_tweaks\mods\EasyTrainerBeta\UI\Options\Buttons.lua:60: in function 'Int'
	...ks\mods\EasyTrainerBeta\View\Vehicle\VehicleListView.lua:192: in function 'view'
	...ber_engine_tweaks\mods\EasyTrainerBeta\View\MainMenu.lua:117: in function 'Render'
	init.lua:170: in function <init.lua:156>
[2025-09-13 22:03:52 UTC-04:00] [3368] ...ngine_tweaks\mods\EasyTrainerBeta\UI\Options\Numeric.lua:23: attempt to index local 'ref' (a nil value)
stack traceback:
	...ngine_tweaks\mods\EasyTrainerBeta\UI\Options\Numeric.lua:23: in function 'Option'
	...ngine_tweaks\mods\EasyTrainerBeta\UI\Options\Buttons.lua:60: in function 'Int'
	...ks\mods\EasyTrainerBeta\View\Vehicle\VehicleListView.lua:192: in function 'view'
	...ber_engine_tweaks\mods\EasyTrainerBeta\View\MainMenu.lua:117: in function 'Render'
	init.lua:170: in function <init.lua:156>
[2025-09-13 22:03:52 UTC-04:00] [3368] ...ngine_tweaks\mods\EasyTrainerBeta\UI\Options\Numeric.lua:23: attempt to index local 'ref' (a nil value)
stack traceback:
	...ngine_tweaks\mods\EasyTrainerBeta\UI\Options\Numeric.lua:23: in function 'Option'
	...ngine_tweaks\mods\EasyTrainerBeta\UI\Options\Buttons.lua:60: in function 'Int'
	...ks\mods\EasyTrainerBeta\View\Vehicle\VehicleListView.lua:192: in function 'view'
	...ber_engine_tweaks\mods\EasyTrainerBeta\View\MainMenu.lua:117: in function 'Render'
	init.lua:170: in function <init.lua:156>
[2025-09-13 22:03:52 UTC-04:00] [3368] ...ngine_tweaks\mods\EasyTrainerBeta\UI\Options\Numeric.lua:23: attempt to index local 'ref' (a nil value)
stack traceback:
	...ngine_tweaks\mods\EasyTrainerBeta\UI\Options\Numeric.lua:23: in function 'Option'
	...ngine_tweaks\mods\EasyTrainerBeta\UI\Options\Buttons.lua:60: in function 'Int'
	...ks\mods\EasyTrainerBeta\View\Vehicle\VehicleListView.lua:192: in function 'view'
	...ber_engine_tweaks\mods\EasyTrainerBeta\View\MainMenu.lua:117: in function 'Render'
	init.lua:170: in function <init.lua:156>
[2025-09-13 22:03:52 UTC-04:00] [3368] ...ngine_tweaks\mods\EasyTrainerBeta\UI\Options\Numeric.lua:23: attempt to index local 'ref' (a nil value)
stack traceback:
	...ngine_tweaks\mods\EasyTrainerBeta\UI\Options\Numeric.lua:23: in function 'Option'
	...ngine_tweaks\mods\EasyTrainerBeta\UI\Options\Buttons.lua:60: in function 'Int'
	...ks\mods\EasyTrainerBeta\View\Vehicle\VehicleListView.lua:192: in function 'view'
	...ber_engine_tweaks\mods\EasyTrainerBeta\View\MainMenu.lua:117: in function 'Render'
	init.lua:170: in function <init.lua:156>
[2025-09-13 22:03:52 UTC-04:00] [3368] ...ngine_tweaks\mods\EasyTrainerBeta\UI\Options\Numeric.lua:23: attempt to index local 'ref' (a nil value)
stack traceback:
	...ngine_tweaks\mods\EasyTrainerBeta\UI\Options\Numeric.lua:23: in function 'Option'
	...ngine_tweaks\mods\EasyTrainerBeta\UI\Options\Buttons.lua:60: in function 'Int'
	...ks\mods\EasyTrainerBeta\View\Vehicle\VehicleListView.lua:192: in function 'view'
	...ber_engine_tweaks\mods\EasyTrainerBeta\View\MainMenu.lua:117: in function 'Render'
	init.lua:170: in function <init.lua:156>
[2025-09-13 22:03:52 UTC-04:00] [3368] ...ngine_tweaks\mods\EasyTrainerBeta\UI\Options\Numeric.lua:23: attempt to index local 'ref' (a nil value)
stack traceback:
	...ngine_tweaks\mods\EasyTrainerBeta\UI\Options\Numeric.lua:23: in function 'Option'
	...ngine_tweaks\mods\EasyTrainerBeta\UI\Options\Buttons.lua:60: in function 'Int'
	...ks\mods\EasyTrainerBeta\View\Vehicle\VehicleListView.lua:192: in function 'view'
	...ber_engine_tweaks\mods\EasyTrainerBeta\View\MainMenu.lua:117: in function 'Render'
	init.lua:170: in function <init.lua:156>
[2025-09-13 22:03:52 UTC-04:00] [3368] ...ngine_tweaks\mods\EasyTrainerBeta\UI\Options\Numeric.lua:23: attempt to index local 'ref' (a nil value)
stack traceback:
	...ngine_tweaks\mods\EasyTrainerBeta\UI\Options\Numeric.lua:23: in function 'Option'
	...ngine_tweaks\mods\EasyTrainerBeta\UI\Options\Buttons.lua:60: in function 'Int'
	...ks\mods\EasyTrainerBeta\View\Vehicle\VehicleListView.lua:192: in function 'view'
	...ber_engine_tweaks\mods\EasyTrainerBeta\View\MainMenu.lua:117: in function 'Render'
	init.lua:170: in function <init.lua:156>
[2025-09-13 22:03:52 UTC-04:00] [3368] ...ngine_tweaks\mods\EasyTrainerBeta\UI\Options\Numeric.lua:23: attempt to index local 'ref' (a nil value)
stack traceback:
	...ngine_tweaks\mods\EasyTrainerBeta\UI\Options\Numeric.lua:23: in function 'Option'
	...ngine_tweaks\mods\EasyTrainerBeta\UI\Options\Buttons.lua:60: in function 'Int'
	...ks\mods\EasyTrainerBeta\View\Vehicle\VehicleListView.lua:192: in function 'view'
	...ber_engine_tweaks\mods\EasyTrainerBeta\View\MainMenu.lua:117: in function 'Render'
	init.lua:170: in function <init.lua:156>
[2025-09-13 22:03:52 UTC-04:00] [3368] ...ngine_tweaks\mods\EasyTrainerBeta\UI\Options\Numeric.lua:23: attempt to index local 'ref' (a nil value)
stack traceback:
	...ngine_tweaks\mods\EasyTrainerBeta\UI\Options\Numeric.lua:23: in function 'Option'
	...ngine_tweaks\mods\EasyTrainerBeta\UI\Options\Buttons.lua:60: in function 'Int'
	...ks\mods\EasyTrainerBeta\View\Vehicle\VehicleListView.lua:192: in function 'view'
	...ber_engine_tweaks\mods\EasyTrainerBeta\View\MainMenu.lua:117: in function 'Render'
	init.lua:170: in function <init.lua:156>
[2025-09-13 22:03:52 UTC-04:00] [3368] ...ngine_tweaks\mods\EasyTrainerBeta\UI\Options\Numeric.lua:23: attempt to index local 'ref' (a nil value)
stack traceback:
	...ngine_tweaks\mods\EasyTrainerBeta\UI\Options\Numeric.lua:23: in function 'Option'
	...ngine_tweaks\mods\EasyTrainerBeta\UI\Options\Buttons.lua:60: in function 'Int'
	...ks\mods\EasyTrainerBeta\View\Vehicle\VehicleListView.lua:192: in function 'view'
	...ber_engine_tweaks\mods\EasyTrainerBeta\View\MainMenu.lua:117: in function 'Render'
	init.lua:170: in function <init.lua:156>
[2025-09-13 22:03:52 UTC-04:00] [3368] ...ngine_tweaks\mods\EasyTrainerBeta\UI\Options\Numeric.lua:23: attempt to index local 'ref' (a nil value)
stack traceback:
	...ngine_tweaks\mods\EasyTrainerBeta\UI\Options\Numeric.lua:23: in function 'Option'
	...ngine_tweaks\mods\EasyTrainerBeta\UI\Options\Buttons.lua:60: in function 'Int'
	...ks\mods\EasyTrainerBeta\View\Vehicle\VehicleListView.lua:192: in function 'view'
	...ber_engine_tweaks\mods\EasyTrainerBeta\View\MainMenu.lua:117: in function 'Render'
	init.lua:170: in function <init.lua:156>
[2025-09-13 22:03:52 UTC-04:00] [3368] ...ngine_tweaks\mods\EasyTrainerBeta\UI\Options\Numeric.lua:23: attempt to index local 'ref' (a nil value)
stack traceback:
	...ngine_tweaks\mods\EasyTrainerBeta\UI\Options\Numeric.lua:23: in function 'Option'
	...ngine_tweaks\mods\EasyTrainerBeta\UI\Options\Buttons.lua:60: in function 'Int'
	...ks\mods\EasyTrainerBeta\View\Vehicle\VehicleListView.lua:192: in function 'view'
	...ber_engine_tweaks\mods\EasyTrainerBeta\View\MainMenu.lua:117: in function 'Render'
	init.lua:170: in function <init.lua:156>
[2025-09-13 22:03:52 UTC-04:00] [3368] ...ngine_tweaks\mods\EasyTrainerBeta\UI\Options\Numeric.lua:23: attempt to index local 'ref' (a nil value)
stack traceback:
	...ngine_tweaks\mods\EasyTrainerBeta\UI\Options\Numeric.lua:23: in function 'Option'
	...ngine_tweaks\mods\EasyTrainerBeta\UI\Options\Buttons.lua:60: in function 'Int'
	...ks\mods\EasyTrainerBeta\View\Vehicle\VehicleListView.lua:192: in function 'view'
	...ber_engine_tweaks\mods\EasyTrainerBeta\View\MainMenu.lua:117: in function 'Render'
	init.lua:170: in function <init.lua:156>
[2025-09-13 22:03:53 UTC-04:00] [3368] ...ngine_tweaks\mods\EasyTrainerBeta\UI\Options\Numeric.lua:23: attempt to index local 'ref' (a nil value)
stack traceback:
	...ngine_tweaks\mods\EasyTrainerBeta\UI\Options\Numeric.lua:23: in function 'Option'
	...ngine_tweaks\mods\EasyTrainerBeta\UI\Options\Buttons.lua:60: in function 'Int'
	...ks\mods\EasyTrainerBeta\View\Vehicle\VehicleListView.lua:192: in function 'view'
	...ber_engine_tweaks\mods\EasyTrainerBeta\View\MainMenu.lua:117: in function 'Render'
	init.lua:170: in function <init.lua:156>
[2025-09-13 22:03:53 UTC-04:00] [3368] ...ngine_tweaks\mods\EasyTrainerBeta\UI\Options\Numeric.lua:23: attempt to index local 'ref' (a nil value)
stack traceback:
	...ngine_tweaks\mods\EasyTrainerBeta\UI\Options\Numeric.lua:23: in function 'Option'
	...ngine_tweaks\mods\EasyTrainerBeta\UI\Options\Buttons.lua:60: in function 'Int'
	...ks\mods\EasyTrainerBeta\View\Vehicle\VehicleListView.lua:192: in function 'view'
	...ber_engine_tweaks\mods\EasyTrainerBeta\View\MainMenu.lua:117: in function 'Render'
	init.lua:170: in function <init.lua:156>
[2025-09-13 22:03:53 UTC-04:00] [3368] ...ngine_tweaks\mods\EasyTrainerBeta\UI\Options\Numeric.lua:23: attempt to index local 'ref' (a nil value)
stack traceback:
	...ngine_tweaks\mods\EasyTrainerBeta\UI\Options\Numeric.lua:23: in function 'Option'
	...ngine_tweaks\mods\EasyTrainerBeta\UI\Options\Buttons.lua:60: in function 'Int'
	...ks\mods\EasyTrainerBeta\View\Vehicle\VehicleListView.lua:192: in function 'view'
	...ber_engine_tweaks\mods\EasyTrainerBeta\View\MainMenu.lua:117: in function 'Render'
	init.lua:170: in function <init.lua:156>
[2025-09-13 22:03:53 UTC-04:00] [3368] ...ngine_tweaks\mods\EasyTrainerBeta\UI\Options\Numeric.lua:23: attempt to index local 'ref' (a nil value)
stack traceback:
	...ngine_tweaks\mods\EasyTrainerBeta\UI\Options\Numeric.lua:23: in function 'Option'
	...ngine_tweaks\mods\EasyTrainerBeta\UI\Options\Buttons.lua:60: in function 'Int'
	...ks\mods\EasyTrainerBeta\View\Vehicle\VehicleListView.lua:192: in function 'view'
	...ber_engine_tweaks\mods\EasyTrainerBeta\View\MainMenu.lua:117: in function 'Render'
	init.lua:170: in function <init.lua:156>
[2025-09-13 22:03:53 UTC-04:00] [3368] ...ngine_tweaks\mods\EasyTrainerBeta\UI\Options\Numeric.lua:23: attempt to index local 'ref' (a nil value)
stack traceback:
	...ngine_tweaks\mods\EasyTrainerBeta\UI\Options\Numeric.lua:23: in function 'Option'
	...ngine_tweaks\mods\EasyTrainerBeta\UI\Options\Buttons.lua:60: in function 'Int'
	...ks\mods\EasyTrainerBeta\View\Vehicle\VehicleListView.lua:192: in function 'view'
	...ber_engine_tweaks\mods\EasyTrainerBeta\View\MainMenu.lua:117: in function 'Render'
	init.lua:170: in function <init.lua:156>
[2025-09-13 22:03:53 UTC-04:00] [3368] ...ngine_tweaks\mods\EasyTrainerBeta\UI\Options\Numeric.lua:23: attempt to index local 'ref' (a nil value)
stack traceback:
	...ngine_tweaks\mods\EasyTrainerBeta\UI\Options\Numeric.lua:23: in function 'Option'
	...ngine_tweaks\mods\EasyTrainerBeta\UI\Options\Buttons.lua:60: in function 'Int'
	...ks\mods\EasyTrainerBeta\View\Vehicle\VehicleListView.lua:192: in function 'view'
	...ber_engine_tweaks\mods\EasyTrainerBeta\View\MainMenu.lua:117: in function 'Render'
	init.lua:170: in function <init.lua:156>
[2025-09-13 22:03:53 UTC-04:00] [3368] ...ngine_tweaks\mods\EasyTrainerBeta\UI\Options\Numeric.lua:23: attempt to index local 'ref' (a nil value)
stack traceback:
	...ngine_tweaks\mods\EasyTrainerBeta\UI\Options\Numeric.lua:23: in function 'Option'
	...ngine_tweaks\mods\EasyTrainerBeta\UI\Options\Buttons.lua:60: in function 'Int'
	...ks\mods\EasyTrainerBeta\View\Vehicle\VehicleListView.lua:192: in function 'view'
	...ber_engine_tweaks\mods\EasyTrainerBeta\View\MainMenu.lua:117: in function 'Render'
	init.lua:170: in function <init.lua:156>
[2025-09-13 22:03:53 UTC-04:00] [3368] ...ngine_tweaks\mods\EasyTrainerBeta\UI\Options\Numeric.lua:23: attempt to index local 'ref' (a nil value)
stack traceback:
	...ngine_tweaks\mods\EasyTrainerBeta\UI\Options\Numeric.lua:23: in function 'Option'
	...ngine_tweaks\mods\EasyTrainerBeta\UI\Options\Buttons.lua:60: in function 'Int'
	...ks\mods\EasyTrainerBeta\View\Vehicle\VehicleListView.lua:192: in function 'view'
	...ber_engine_tweaks\mods\EasyTrainerBeta\View\MainMenu.lua:117: in function 'Render'
	init.lua:170: in function <init.lua:156>
[2025-09-13 22:03:53 UTC-04:00] [3368] ...ngine_tweaks\mods\EasyTrainerBeta\UI\Options\Numeric.lua:23: attempt to index local 'ref' (a nil value)
stack traceback:
	...ngine_tweaks\mods\EasyTrainerBeta\UI\Options\Numeric.lua:23: in function 'Option'
	...ngine_tweaks\mods\EasyTrainerBeta\UI\Options\Buttons.lua:60: in function 'Int'
	...ks\mods\EasyTrainerBeta\View\Vehicle\VehicleListView.lua:192: in function 'view'
	...ber_engine_tweaks\mods\EasyTrainerBeta\View\MainMenu.lua:117: in function 'Render'
	init.lua:170: in function <init.lua:156>
[2025-09-13 22:03:53 UTC-04:00] [3368] ...ngine_tweaks\mods\EasyTrainerBeta\UI\Options\Numeric.lua:23: attempt to index local 'ref' (a nil value)
stack traceback:
	...ngine_tweaks\mods\EasyTrainerBeta\UI\Options\Numeric.lua:23: in function 'Option'
	...ngine_tweaks\mods\EasyTrainerBeta\UI\Options\Buttons.lua:60: in function 'Int'
	...ks\mods\EasyTrainerBeta\View\Vehicle\VehicleListView.lua:192: in function 'view'
	...ber_engine_tweaks\mods\EasyTrainerBeta\View\MainMenu.lua:117: in function 'Render'
	init.lua:170: in function <init.lua:156>
[2025-09-13 22:03:53 UTC-04:00] [3368] ...ngine_tweaks\mods\EasyTrainerBeta\UI\Options\Numeric.lua:23: attempt to index local 'ref' (a nil value)
stack traceback:
	...ngine_tweaks\mods\EasyTrainerBeta\UI\Options\Numeric.lua:23: in function 'Option'
	...ngine_tweaks\mods\EasyTrainerBeta\UI\Options\Buttons.lua:60: in function 'Int'
	...ks\mods\EasyTrainerBeta\View\Vehicle\VehicleListView.lua:192: in function 'view'
	...ber_engine_tweaks\mods\EasyTrainerBeta\View\MainMenu.lua:117: in function 'Render'
	init.lua:170: in function <init.lua:156>
[2025-09-13 22:03:53 UTC-04:00] [3368] ...ngine_tweaks\mods\EasyTrainerBeta\UI\Options\Numeric.lua:23: attempt to index local 'ref' (a nil value)
stack traceback:
	...ngine_tweaks\mods\EasyTrainerBeta\UI\Options\Numeric.lua:23: in function 'Option'
	...ngine_tweaks\mods\EasyTrainerBeta\UI\Options\Buttons.lua:60: in function 'Int'
	...ks\mods\EasyTrainerBeta\View\Vehicle\VehicleListView.lua:192: in function 'view'
	...ber_engine_tweaks\mods\EasyTrainerBeta\View\MainMenu.lua:117: in function 'Render'
	init.lua:170: in function <init.lua:156>
[2025-09-13 22:03:53 UTC-04:00] [3368] ...ngine_tweaks\mods\EasyTrainerBeta\UI\Options\Numeric.lua:23: attempt to index local 'ref' (a nil value)
stack traceback:
	...ngine_tweaks\mods\EasyTrainerBeta\UI\Options\Numeric.lua:23: in function 'Option'
	...ngine_tweaks\mods\EasyTrainerBeta\UI\Options\Buttons.lua:60: in function 'Int'
	...ks\mods\EasyTrainerBeta\View\Vehicle\VehicleListView.lua:192: in function 'view'
	...ber_engine_tweaks\mods\EasyTrainerBeta\View\MainMenu.lua:117: in function 'Render'
	init.lua:170: in function <init.lua:156>
[2025-09-13 22:03:53 UTC-04:00] [3368] ...ngine_tweaks\mods\EasyTrainerBeta\UI\Options\Numeric.lua:23: attempt to index local 'ref' (a nil value)
stack traceback:
	...ngine_tweaks\mods\EasyTrainerBeta\UI\Options\Numeric.lua:23: in function 'Option'
	...ngine_tweaks\mods\EasyTrainerBeta\UI\Options\Buttons.lua:60: in function 'Int'
	...ks\mods\EasyTrainerBeta\View\Vehicle\VehicleListView.lua:192: in function 'view'
	...ber_engine_tweaks\mods\EasyTrainerBeta\View\MainMenu.lua:117: in function 'Render'
	init.lua:170: in function <init.lua:156>
[2025-09-13 22:03:53 UTC-04:00] [3368] ...ngine_tweaks\mods\EasyTrainerBeta\UI\Options\Numeric.lua:23: attempt to index local 'ref' (a nil value)
stack traceback:
	...ngine_tweaks\mods\EasyTrainerBeta\UI\Options\Numeric.lua:23: in function 'Option'
	...ngine_tweaks\mods\EasyTrainerBeta\UI\Options\Buttons.lua:60: in function 'Int'
	...ks\mods\EasyTrainerBeta\View\Vehicle\VehicleListView.lua:192: in function 'view'
	...ber_engine_tweaks\mods\EasyTrainerBeta\View\MainMenu.lua:117: in function 'Render'
	init.lua:170: in function <init.lua:156>
[2025-09-13 22:03:53 UTC-04:00] [3368] ...ngine_tweaks\mods\EasyTrainerBeta\UI\Options\Numeric.lua:23: attempt to index local 'ref' (a nil value)
stack traceback:
	...ngine_tweaks\mods\EasyTrainerBeta\UI\Options\Numeric.lua:23: in function 'Option'
	...ngine_tweaks\mods\EasyTrainerBeta\UI\Options\Buttons.lua:60: in function 'Int'
	...ks\mods\EasyTrainerBeta\View\Vehicle\VehicleListView.lua:192: in function 'view'
	...ber_engine_tweaks\mods\EasyTrainerBeta\View\MainMenu.lua:117: in function 'Render'
	init.lua:170: in function <init.lua:156>
[2025-09-13 22:03:53 UTC-04:00] [3368] ...ngine_tweaks\mods\EasyTrainerBeta\UI\Options\Numeric.lua:23: attempt to index local 'ref' (a nil value)
stack traceback:
	...ngine_tweaks\mods\EasyTrainerBeta\UI\Options\Numeric.lua:23: in function 'Option'
	...ngine_tweaks\mods\EasyTrainerBeta\UI\Options\Buttons.lua:60: in function 'Int'
	...ks\mods\EasyTrainerBeta\View\Vehicle\VehicleListView.lua:192: in function 'view'
	...ber_engine_tweaks\mods\EasyTrainerBeta\View\MainMenu.lua:117: in function 'Render'
	init.lua:170: in function <init.lua:156>
[2025-09-13 22:03:53 UTC-04:00] [3368] ...ngine_tweaks\mods\EasyTrainerBeta\UI\Options\Numeric.lua:23: attempt to index local 'ref' (a nil value)
stack traceback:
	...ngine_tweaks\mods\EasyTrainerBeta\UI\Options\Numeric.lua:23: in function 'Option'
	...ngine_tweaks\mods\EasyTrainerBeta\UI\Options\Buttons.lua:60: in function 'Int'
	...ks\mods\EasyTrainerBeta\View\Vehicle\VehicleListView.lua:192: in function 'view'
	...ber_engine_tweaks\mods\EasyTrainerBeta\View\MainMenu.lua:117: in function 'Render'
	init.lua:170: in function <init.lua:156>
[2025-09-13 22:03:53 UTC-04:00] [3368] ...ngine_tweaks\mods\EasyTrainerBeta\UI\Options\Numeric.lua:23: attempt to index local 'ref' (a nil value)
stack traceback:
	...ngine_tweaks\mods\EasyTrainerBeta\UI\Options\Numeric.lua:23: in function 'Option'
	...ngine_tweaks\mods\EasyTrainerBeta\UI\Options\Buttons.lua:60: in function 'Int'
	...ks\mods\EasyTrainerBeta\View\Vehicle\VehicleListView.lua:192: in function 'view'
	...ber_engine_tweaks\mods\EasyTrainerBeta\View\MainMenu.lua:117: in function 'Render'
	init.lua:170: in function <init.lua:156>
[2025-09-13 22:03:53 UTC-04:00] [3368] ...ngine_tweaks\mods\EasyTrainerBeta\UI\Options\Numeric.lua:23: attempt to index local 'ref' (a nil value)
stack traceback:
	...ngine_tweaks\mods\EasyTrainerBeta\UI\Options\Numeric.lua:23: in function 'Option'
	...ngine_tweaks\mods\EasyTrainerBeta\UI\Options\Buttons.lua:60: in function 'Int'
	...ks\mods\EasyTrainerBeta\View\Vehicle\VehicleListView.lua:192: in function 'view'
	...ber_engine_tweaks\mods\EasyTrainerBeta\View\MainMenu.lua:117: in function 'Render'
	init.lua:170: in function <init.lua:156>
[2025-09-13 22:03:53 UTC-04:00] [3368] ...ngine_tweaks\mods\EasyTrainerBeta\UI\Options\Numeric.lua:23: attempt to index local 'ref' (a nil value)
stack traceback:
	...ngine_tweaks\mods\EasyTrainerBeta\UI\Options\Numeric.lua:23: in function 'Option'
	...ngine_tweaks\mods\EasyTrainerBeta\UI\Options\Buttons.lua:60: in function 'Int'
	...ks\mods\EasyTrainerBeta\View\Vehicle\VehicleListView.lua:192: in function 'view'
	...ber_engine_tweaks\mods\EasyTrainerBeta\View\MainMenu.lua:117: in function 'Render'
	init.lua:170: in function <init.lua:156>
[2025-09-13 22:03:53 UTC-04:00] [3368] ...ngine_tweaks\mods\EasyTrainerBeta\UI\Options\Numeric.lua:23: attempt to index local 'ref' (a nil value)
stack traceback:
	...ngine_tweaks\mods\EasyTrainerBeta\UI\Options\Numeric.lua:23: in function 'Option'
	...ngine_tweaks\mods\EasyTrainerBeta\UI\Options\Buttons.lua:60: in function 'Int'
	...ks\mods\EasyTrainerBeta\View\Vehicle\VehicleListView.lua:192: in function 'view'
	...ber_engine_tweaks\mods\EasyTrainerBeta\View\MainMenu.lua:117: in function 'Render'
	init.lua:170: in function <init.lua:156>
[2025-09-13 22:03:53 UTC-04:00] [3368] ...ngine_tweaks\mods\EasyTrainerBeta\UI\Options\Numeric.lua:23: attempt to index local 'ref' (a nil value)
stack traceback:
	...ngine_tweaks\mods\EasyTrainerBeta\UI\Options\Numeric.lua:23: in function 'Option'
	...ngine_tweaks\mods\EasyTrainerBeta\UI\Options\Buttons.lua:60: in function 'Int'
	...ks\mods\EasyTrainerBeta\View\Vehicle\VehicleListView.lua:192: in function 'view'
	...ber_engine_tweaks\mods\EasyTrainerBeta\View\MainMenu.lua:117: in function 'Render'
	init.lua:170: in function <init.lua:156>
[2025-09-13 22:03:53 UTC-04:00] [3368] ...ngine_tweaks\mods\EasyTrainerBeta\UI\Options\Numeric.lua:23: attempt to index local 'ref' (a nil value)
stack traceback:
	...ngine_tweaks\mods\EasyTrainerBeta\UI\Options\Numeric.lua:23: in function 'Option'
	...ngine_tweaks\mods\EasyTrainerBeta\UI\Options\Buttons.lua:60: in function 'Int'
	...ks\mods\EasyTrainerBeta\View\Vehicle\VehicleListView.lua:192: in function 'view'
	...ber_engine_tweaks\mods\EasyTrainerBeta\View\MainMenu.lua:117: in function 'Render'
	init.lua:170: in function <init.lua:156>
[2025-09-13 22:03:53 UTC-04:00] [3368] ...ngine_tweaks\mods\EasyTrainerBeta\UI\Options\Numeric.lua:23: attempt to index local 'ref' (a nil value)
stack traceback:
	...ngine_tweaks\mods\EasyTrainerBeta\UI\Options\Numeric.lua:23: in function 'Option'
	...ngine_tweaks\mods\EasyTrainerBeta\UI\Options\Buttons.lua:60: in function 'Int'
	...ks\mods\EasyTrainerBeta\View\Vehicle\VehicleListView.lua:192: in function 'view'
	...ber_engine_tweaks\mods\EasyTrainerBeta\View\MainMenu.lua:117: in function 'Render'
	init.lua:170: in function <init.lua:156>
[2025-09-13 22:03:53 UTC-04:00] [3368] ...ngine_tweaks\mods\EasyTrainerBeta\UI\Options\Numeric.lua:23: attempt to index local 'ref' (a nil value)
stack traceback:
	...ngine_tweaks\mods\EasyTrainerBeta\UI\Options\Numeric.lua:23: in function 'Option'
	...ngine_tweaks\mods\EasyTrainerBeta\UI\Options\Buttons.lua:60: in function 'Int'
	...ks\mods\EasyTrainerBeta\View\Vehicle\VehicleListView.lua:192: in function 'view'
	...ber_engine_tweaks\mods\EasyTrainerBeta\View\MainMenu.lua:117: in function 'Render'
	init.lua:170: in function <init.lua:156>
[2025-09-13 22:06:36 UTC-04:00] [3368] ...ber_engine_tweaks\mods\EasyTrainerBeta\Utils\Vehicle.lua:241: attempt to call global 'QSM_SetActiveVehicle' (a nil value)
stack traceback:
	...ber_engine_tweaks\mods\EasyTrainerBeta\Utils\Vehicle.lua:241: in function 'action'
	...ngine_tweaks\mods\EasyTrainerBeta\UI\Options\Buttons.lua:16: in function 'Option'
	...ks\mods\EasyTrainerBeta\View\Vehicle\VehicleMenuView.lua:12: in function 'view'
	...ber_engine_tweaks\mods\EasyTrainerBeta\View\MainMenu.lua:117: in function 'Render'
	init.lua:170: in function <init.lua:156>
