[2025-11-14 20:30:25 UTC-05:00] [4140] ...ber_engine_tweaks\mods\EasyTrainer\Controls\Bindings.lua:107: attempt to index upvalue 'BindingsConfig' (a nil value)
stack traceback:
	...ber_engine_tweaks\mods\EasyTrainer\Controls\Bindings.lua:107: in function 'ResetAll'
	...e_tweaks\mods\EasyTrainer\View\Settings\SettingsView.lua:38: in function 'view'
	...s\cyber_engine_tweaks\mods\EasyTrainer\View\MainMenu.lua:123: in function 'Render'
	init.lua:223: in function <init.lua:208>
[2025-11-28 00:08:40 UTC-05:00] [25852] ...tweaks\mods\EasyTrainer\View\Vehicle\VehicleMenuView.lua:60: attempt to call field 'UnlockAllFactionVehicles' (a nil value)
stack traceback:
	...tweaks\mods\EasyTrainer\View\Vehicle\VehicleMenuView.lua:60: in function 'view'
	...s\cyber_engine_tweaks\mods\EasyTrainer\View\MainMenu.lua:123: in function 'Render'
	init.lua:223: in function <init.lua:208>
[2025-12-13 19:11:22 UTC-05:00] [42808] ...s\mods\EasyTrainer\Features\Vehicles\KeepCrystalCoat.lua:9: attempt to call local 'wrappedMethod' (a userdata value)
stack traceback:
	...s\mods\EasyTrainer\Features\Vehicles\KeepCrystalCoat.lua:9: in function <...s\mods\EasyTrainer\Features\Vehicles\KeepCrystalCoat.lua:7>
	[C]: in ?
[2025-12-13 19:11:54 UTC-05:00] [42120] ...s\mods\EasyTrainer\Features\Vehicles\KeepCrystalCoat.lua:9: attempt to call local 'wrappedMethod' (a userdata value)
stack traceback:
	...s\mods\EasyTrainer\Features\Vehicles\KeepCrystalCoat.lua:9: in function <...s\mods\EasyTrainer\Features\Vehicles\KeepCrystalCoat.lua:7>
	[C]: in ?
[2025-12-13 19:19:23 UTC-05:00] [41660] ...s\mods\EasyTrainer\Features\Vehicles\KeepCrystalCoat.lua:23: attempt to call local 'wrappedMethod' (a userdata value)
stack traceback:
	...s\mods\EasyTrainer\Features\Vehicles\KeepCrystalCoat.lua:23: in function <...s\mods\EasyTrainer\Features\Vehicles\KeepCrystalCoat.lua:7>
	[C]: in ?
